[2026-02-20 02:33:52] [INFO] [AppLogger] Logger inicializado (reseteado) en archivo: C:\Users\figue\Documents\Proyectos\PSP\Hundir la flota\composeApp\client.log
[2026-02-20 02:33:57] [DEBUG] [GameClient] >>> ENVIANDO: {"type":"system_ping","timestamp":1771551237342}
[2026-02-20 02:33:57] [DEBUG] [GameClient] <<< RECIBIDO: {"type":"system_pong"}
[2026-02-20 02:33:58] [INFO] [GameViewModel] Iniciando conexión para paco a localhost:5678
[2026-02-20 02:33:58] [DEBUG] [GameClient] Intentando connectInternal a localhost:5678 para paco
[2026-02-20 02:33:58] [INFO] [GameClient] Socket conectado. Iniciando recolección de mensajes y handshake.
[2026-02-20 02:33:58] [DEBUG] [GameClient] >>> ENVIANDO Handshake para: paco
[2026-02-20 02:33:58] [DEBUG] [GameClient] >>> ENVIANDO: {"type":"connection_handshake","playerName":"paco"}
[2026-02-20 02:33:58] [INFO] [GameClient] Conexión establecida y autenticada.
[2026-02-20 02:33:58] [DEBUG] [GameClient] >>> ENVIANDO: {"type":"system_ping","timestamp":1771551238535}
[2026-02-20 02:33:58] [DEBUG] [GameClient] <<< RECIBIDO: {"type":"connection_welcome","playerId":"bf69c2f1-9d04-41f2-ab77-8d3b2f9e09df","serverVersion":"1.0.0","message":"Bienvenido a Hundir la Flota, paco!"}
[2026-02-20 02:33:58] [DEBUG] [GameClient] <<< RECIBIDO: {"type":"stats_response","playerStats":{"playerName":"paco","gamesPlayed":1,"gamesWon":0,"gamesLost":1,"pvpLost":1,"totalShots":29,"totalHits":21,"winStreak":0,"bestWinStreak":0,"averageAccuracy":72.41379310344827,"bestAccuracy":72.41379310344827,"totalPlayTimeSeconds":0},"leaderboard":[{"rank":1,"playerName":"peruco","gamesWon":4,"winRate":80.0,"bestStreak":3},{"rank":2,"playerName":"paco","gamesWon":0,"winRate":0.0,"bestStreak":0}]}
[2026-02-20 02:33:58] [INFO] [GameViewModel] Welcome recibido. MyPlayerId establecido a: 'bf69c2f1-9d04-41f2-ab77-8d3b2f9e09df'
[2026-02-20 02:33:58] [DEBUG] [GameClient] <<< RECIBIDO: {"type":"system_pong"}
[2026-02-20 02:33:58] [INFO] [GameViewModel] Estadísticas recibidas. Actualizando Leaderboard y PlayerStats.
[2026-02-20 02:33:58] [DEBUG] [GameViewModel] Ignorando mensaje Pong porque estamos en MainMenu
[2026-02-20 02:34:01] [INFO] [GameViewModel] Creando sala privada. BoardSize=10, TurnTime=60
[2026-02-20 02:34:01] [DEBUG] [GameClient] >>> ENVIANDO: {"type":"matchmaking_create_room","config":{}}
[2026-02-20 02:34:01] [DEBUG] [GameClient] <<< RECIBIDO: {"type":"matchmaking_room_created","roomId":"e624a806-3387-45ae-8f1b-da896776a183","roomCode":"ZC8X5","config":{}}
[2026-02-20 02:34:01] [INFO] [GameViewModel] Sala creada: ZC8X5
[2026-02-20 02:34:01] [DEBUG] [GameClient] <<< RECIBIDO: {"type":"matchmaking_lobby_status","lobbyId":"e624a806-3387-45ae-8f1b-da896776a183","players":["paco"],"config":{},"roomCode":"ZC8X5"}
[2026-02-20 02:34:14] [INFO] [GameViewModel] Uniéndose a sala privada: DHEHE
[2026-02-20 02:34:14] [DEBUG] [GameClient] >>> ENVIANDO: {"type":"matchmaking_join_room","roomCode":"DHEHE"}
[2026-02-20 02:34:14] [DEBUG] [GameClient] <<< RECIBIDO: {"type":"matchmaking_room_error","message":"Sala no encontrada"}
[2026-02-20 02:34:23] [INFO] [GameViewModel] Uniéndose a sala privada: ZC8X5
[2026-02-20 02:34:23] [DEBUG] [GameClient] >>> ENVIANDO: {"type":"matchmaking_join_room","roomCode":"ZC8X5"}
[2026-02-20 02:34:23] [DEBUG] [GameClient] <<< RECIBIDO: {"type":"matchmaking_room_joined","roomId":"e624a806-3387-45ae-8f1b-da896776a183","roomCode":"ZC8X5","config":{}}
[2026-02-20 02:34:23] [DEBUG] [GameClient] <<< RECIBIDO: {"type":"matchmaking_lobby_status","lobbyId":"e624a806-3387-45ae-8f1b-da896776a183","players":["paco","peruco"],"config":{},"roomCode":"ZC8X5"}
[2026-02-20 02:34:23] [DEBUG] [GameClient] <<< RECIBIDO: {"type":"matchmaking_lobby_status","lobbyId":"e624a806-3387-45ae-8f1b-da896776a183","players":["paco","peruco"],"config":{},"roomCode":"ZC8X5"}
[2026-02-20 02:34:23] [INFO] [GameViewModel] Unido a sala: ZC8X5
[2026-02-20 02:34:23] [DEBUG] [GameClient] <<< RECIBIDO: {"type":"matchmaking_found","gameId":"game_pvp_1771551263981","opponentName":"peruco","isPvE":false,"config":{}}
[2026-02-20 02:34:23] [DEBUG] [GameClient] <<< RECIBIDO: {"type":"matchmaking_found","gameId":"game_pvp_1771551263981","opponentName":"paco","isPvE":false,"config":{}}
[2026-02-20 02:34:24] [INFO] [GameViewModel] Match encontrado: game_pvp_1771551263981 vs peruco
[2026-02-20 02:34:24] [INFO] [GameViewModel] Configuración sincronizada con server: 10x10
[2026-02-20 02:34:24] [DEBUG] [GameClient] <<< RECIBIDO: {"type":"response_game_state","phase":"PLACEMENT","currentTurn":"bf69c2f1-9d04-41f2-ab77-8d3b2f9e09df","turnTimeSeconds":60,"myBoard":{"cells":[["EMPTY","EMPTY","EMPTY","EMPTY","EMPTY","EMPTY","EMPTY","EMPTY","EMPTY","EMPTY"],["EMPTY","EMPTY","EMPTY","EMPTY","EMPTY","EMPTY","EMPTY","EMPTY","EMPTY","EMPTY"],["EMPTY","EMPTY","EMPTY","EMPTY","EMPTY","EMPTY","EMPTY","EMPTY","EMPTY","EMPTY"],["EMPTY","EMPTY","EMPTY","EMPTY","EMPTY","EMPTY","EMPTY","EMPTY","EMPTY","EMPTY"],["EMPTY","EMPTY","EMPTY","EMPTY","EMPTY","EMPTY","EMPTY","EMPTY","EMPTY","EMPTY"],["EMPTY","EMPTY","EMPTY","EMPTY","EMPTY","EMPTY","EMPTY","EMPTY","EMPTY","EMPTY"],["EMPTY","EMPTY","EMPTY","EMPTY","EMPTY","EMPTY","EMPTY","EMPTY","EMPTY","EMPTY"],["EMPTY","EMPTY","EMPTY","EMPTY","EMPTY","EMPTY","EMPTY","EMPTY","EMPTY","EMPTY"],["EMPTY","EMPTY","EMPTY","EMPTY","EMPTY","EMPTY","EMPTY","EMPTY","EMPTY","EMPTY"],["EMPTY","EMPTY","EMPTY","EMPTY","EMPTY","EMPTY","EMPTY","EMPTY","EMPTY","EMPTY"]],"ships":[]},"opponentBoard":{"cells":[["EMPTY","EMPTY","EMPTY","EMPTY","EMPTY","EMPTY","EMPTY","EMPTY","EMPTY","EMPTY"],["EMPTY","EMPTY","EMPTY","EMPTY","EMPTY","EMPTY","EMPTY","EMPTY","EMPTY","EMPTY"],["EMPTY","EMPTY","EMPTY","EMPTY","EMPTY","EMPTY","EMPTY","EMPTY","EMPTY","EMPTY"],["EMPTY","EMPTY","EMPTY","EMPTY","EMPTY","EMPTY","EMPTY","EMPTY","EMPTY","EMPTY"],["EMPTY","EMPTY","EMPTY","EMPTY","EMPTY","EMPTY","EMPTY","EMPTY","EMPTY","EMPTY"],["EMPTY","EMPTY","EMPTY","EMPTY","EMPTY","EMPTY","EMPTY","EMPTY","EMPTY","EMPTY"],["EMPTY","EMPTY","EMPTY","EMPTY","EMPTY","EMPTY","EMPTY","EMPTY","EMPTY","EMPTY"],["EMPTY","EMPTY","EMPTY","EMPTY","EMPTY","EMPTY","EMPTY","EMPTY","EMPTY","EMPTY"],["EMPTY","EMPTY","EMPTY","EMPTY","EMPTY","EMPTY","EMPTY","EMPTY","EMPTY","EMPTY"],["EMPTY","EMPTY","EMPTY","EMPTY","EMPTY","EMPTY","EMPTY","EMPTY","EMPTY","EMPTY"]]},"status":"Coloca tus barcos"}
[2026-02-20 02:34:24] [DEBUG] [GameClient] <<< RECIBIDO: {"type":"response_game_state","phase":"PLACEMENT","currentTurn":"bf69c2f1-9d04-41f2-ab77-8d3b2f9e09df","turnTimeSeconds":60,"myBoard":{"cells":[["EMPTY","EMPTY","EMPTY","EMPTY","EMPTY","EMPTY","EMPTY","EMPTY","EMPTY","EMPTY"],["EMPTY","EMPTY","EMPTY","EMPTY","EMPTY","EMPTY","EMPTY","EMPTY","EMPTY","EMPTY"],["EMPTY","EMPTY","EMPTY","EMPTY","EMPTY","EMPTY","EMPTY","EMPTY","EMPTY","EMPTY"],["EMPTY","EMPTY","EMPTY","EMPTY","EMPTY","EMPTY","EMPTY","EMPTY","EMPTY","EMPTY"],["EMPTY","EMPTY","EMPTY","EMPTY","EMPTY","EMPTY","EMPTY","EMPTY","EMPTY","EMPTY"],["EMPTY","EMPTY","EMPTY","EMPTY","EMPTY","EMPTY","EMPTY","EMPTY","EMPTY","EMPTY"],["EMPTY","EMPTY","EMPTY","EMPTY","EMPTY","EMPTY","EMPTY","EMPTY","EMPTY","EMPTY"],["EMPTY","EMPTY","EMPTY","EMPTY","EMPTY","EMPTY","EMPTY","EMPTY","EMPTY","EMPTY"],["EMPTY","EMPTY","EMPTY","EMPTY","EMPTY","EMPTY","EMPTY","EMPTY","EMPTY","EMPTY"],["EMPTY","EMPTY","EMPTY","EMPTY","EMPTY","EMPTY","EMPTY","EMPTY","EMPTY","EMPTY"]],"ships":[]},"opponentBoard":{"cells":[["EMPTY","EMPTY","EMPTY","EMPTY","EMPTY","EMPTY","EMPTY","EMPTY","EMPTY","EMPTY"],["EMPTY","EMPTY","EMPTY","EMPTY","EMPTY","EMPTY","EMPTY","EMPTY","EMPTY","EMPTY"],["EMPTY","EMPTY","EMPTY","EMPTY","EMPTY","EMPTY","EMPTY","EMPTY","EMPTY","EMPTY"],["EMPTY","EMPTY","EMPTY","EMPTY","EMPTY","EMPTY","EMPTY","EMPTY","EMPTY","EMPTY"],["EMPTY","EMPTY","EMPTY","EMPTY","EMPTY","EMPTY","EMPTY","EMPTY","EMPTY","EMPTY"],["EMPTY","EMPTY","EMPTY","EMPTY","EMPTY","EMPTY","EMPTY","EMPTY","EMPTY","EMPTY"],["EMPTY","EMPTY","EMPTY","EMPTY","EMPTY","EMPTY","EMPTY","EMPTY","EMPTY","EMPTY"],["EMPTY","EMPTY","EMPTY","EMPTY","EMPTY","EMPTY","EMPTY","EMPTY","EMPTY","EMPTY"],["EMPTY","EMPTY","EMPTY","EMPTY","EMPTY","EMPTY","EMPTY","EMPTY","EMPTY","EMPTY"],["EMPTY","EMPTY","EMPTY","EMPTY","EMPTY","EMPTY","EMPTY","EMPTY","EMPTY","EMPTY"]]},"status":"Coloca tus barcos"}
[2026-02-20 02:34:24] [INFO] [GameViewModel] Match encontrado: game_pvp_1771551263981 vs paco
[2026-02-20 02:34:24] [INFO] [GameViewModel] Configuración sincronizada con server: 10x10
[2026-02-20 02:34:27] [DEBUG] [GameClient] >>> ENVIANDO: {"type":"system_ping","timestamp":1771551267347}
[2026-02-20 02:34:27] [DEBUG] [GameClient] <<< RECIBIDO: {"type":"system_pong"}
[2026-02-20 02:34:28] [DEBUG] [GameClient] >>> ENVIANDO: {"type":"system_ping","timestamp":1771551268544}
[2026-02-20 02:34:28] [DEBUG] [GameClient] <<< RECIBIDO: {"type":"system_pong"}
[2026-02-20 02:34:48] [DEBUG] [GameViewModel] Confirmando despliegue de 10 barcos.
[2026-02-20 02:34:48] [DEBUG] [GameClient] >>> ENVIANDO: {"type":"action_confirm_deployment","ships":[{"type":"CARRIER","coordinate":{"x":4,"y":1},"orientation":"HORIZONTAL"},{"type":"BATTLESHIP","coordinate":{"x":2,"y":4},"orientation":"HORIZONTAL"},{"type":"BATTLESHIP","coordinate":{"x":4,"y":6},"orientation":"HORIZONTAL"},{"type":"CRUISER","coordinate":{"x":5,"y":2},"orientation":"HORIZONTAL"},{"type":"CRUISER","coordinate":{"x":5,"y":3},"orientation":"HORIZONTAL"},{"type":"DESTROYER","coordinate":{"x":4,"y":5},"orientation":"HORIZONTAL"},{"type":"DESTROYER","coordinate":{"x":6,"y":5},"orientation":"HORIZONTAL"},{"type":"DESTROYER","coordinate":{"x":6,"y":4},"orientation":"HORIZONTAL"},{"type":"DESTROYER","coordinate":{"x":8,"y":4},"orientation":"HORIZONTAL"},{"type":"CRUISER","coordinate":{"x":4,"y":8},"orientation":"HORIZONTAL"}]}
[2026-02-20 02:34:48] [DEBUG] [GameClient] <<< RECIBIDO: {"type":"response_placement_confirmed","shipType":"BATTLESHIP"}
[2026-02-20 02:34:48] [DEBUG] [GameViewModel] Colocación confirmada: BATTLESHIP
[2026-02-20 02:34:49] [DEBUG] [GameViewModel] Confirmando despliegue de 10 barcos.
[2026-02-20 02:34:49] [DEBUG] [GameClient] >>> ENVIANDO: {"type":"action_confirm_deployment","ships":[{"type":"CARRIER","coordinate":{"x":0,"y":0},"orientation":"HORIZONTAL"},{"type":"BATTLESHIP","coordinate":{"x":0,"y":1},"orientation":"HORIZONTAL"},{"type":"BATTLESHIP","coordinate":{"x":1,"y":2},"orientation":"HORIZONTAL"},{"type":"CRUISER","coordinate":{"x":4,"y":3},"orientation":"HORIZONTAL"},{"type":"CRUISER","coordinate":{"x":3,"y":4},"orientation":"HORIZONTAL"},{"type":"CRUISER","coordinate":{"x":7,"y":5},"orientation":"HORIZONTAL"},{"type":"DESTROYER","coordinate":{"x":2,"y":5},"orientation":"HORIZONTAL"},{"type":"DESTROYER","coordinate":{"x":5,"y":5},"orientation":"HORIZONTAL"},{"type":"DESTROYER","coordinate":{"x":3,"y":7},"orientation":"HORIZONTAL"},{"type":"DESTROYER","coordinate":{"x":7,"y":7},"orientation":"HORIZONTAL"}]}
[2026-02-20 02:34:49] [DEBUG] [GameClient] <<< RECIBIDO: {"type":"response_placement_confirmed","shipType":"BATTLESHIP"}
[2026-02-20 02:34:49] [DEBUG] [GameViewModel] Colocación confirmada: BATTLESHIP
[2026-02-20 02:34:49] [DEBUG] [GameClient] <<< RECIBIDO: {"type":"response_game_start","gameId":"game_pvp_1771551263981","opponentName":"peruco","turnTimeSeconds":60}
[2026-02-20 02:34:49] [DEBUG] [GameClient] <<< RECIBIDO: {"type":"response_game_start","gameId":"game_pvp_1771551263981","opponentName":"paco","turnTimeSeconds":60}
[2026-02-20 02:34:49] [DEBUG] [GameClient] <<< RECIBIDO: {"type":"response_game_state","phase":"BATTLE","currentTurn":"bf69c2f1-9d04-41f2-ab77-8d3b2f9e09df","turnTimeSeconds":60,"myBoard":{"cells":[["SHIP","SHIP","SHIP","SHIP","SHIP","EMPTY","EMPTY","EMPTY","EMPTY","EMPTY"],["SHIP","SHIP","SHIP","SHIP","EMPTY","EMPTY","EMPTY","EMPTY","EMPTY","EMPTY"],["EMPTY","SHIP","SHIP","SHIP","SHIP","EMPTY","EMPTY","EMPTY","EMPTY","EMPTY"],["EMPTY","EMPTY","EMPTY","EMPTY","SHIP","SHIP","SHIP","EMPTY","EMPTY","EMPTY"],["EMPTY","EMPTY","EMPTY","SHIP","SHIP","SHIP","EMPTY","EMPTY","EMPTY","EMPTY"],["EMPTY","EMPTY","SHIP","SHIP","EMPTY","SHIP","SHIP","SHIP","SHIP","SHIP"],["EMPTY","EMPTY","EMPTY","EMPTY","EMPTY","EMPTY","EMPTY","EMPTY","EMPTY","EMPTY"],["EMPTY","EMPTY","EMPTY","SHIP","SHIP","EMPTY","EMPTY","SHIP","SHIP","EMPTY"],["EMPTY","EMPTY","EMPTY","EMPTY","EMPTY","EMPTY","EMPTY","EMPTY","EMPTY","EMPTY"],["EMPTY","EMPTY","EMPTY","EMPTY","EMPTY","EMPTY","EMPTY","EMPTY","EMPTY","EMPTY"]],"ships":[{"type":"CARRIER","coordinates":[{"x":0,"y":0},{"x":1,"y":0},{"x":2,"y":0},{"x":3,"y":0},{"x":4,"y":0}],"sunk":false},{"type":"BATTLESHIP","coordinates":[{"x":0,"y":1},{"x":1,"y":1},{"x":2,"y":1},{"x":3,"y":1}],"sunk":false},{"type":"BATTLESHIP","coordinates":[{"x":1,"y":2},{"x":2,"y":2},{"x":3,"y":2},{"x":4,"y":2}],"sunk":false},{"type":"CRUISER","coordinates":[{"x":4,"y":3},{"x":5,"y":3},{"x":6,"y":3}],"sunk":false},{"type":"CRUISER","coordinates":[{"x":3,"y":4},{"x":4,"y":4},{"x":5,"y":4}],"sunk":false},{"type":"CRUISER","coordinates":[{"x":7,"y":5},{"x":8,"y":5},{"x":9,"y":5}],"sunk":false},{"type":"DESTROYER","coordinates":[{"x":2,"y":5},{"x":3,"y":5}],"sunk":false},{"type":"DESTROYER","coordinates":[{"x":5,"y":5},{"x":6,"y":5}],"sunk":false},{"type":"DESTROYER","coordinates":[{"x":3,"y":7},{"x":4,"y":7}],"sunk":false},{"type":"DESTROYER","coordinates":[{"x":7,"y":7},{"x":8,"y":7}],"sunk":false}]},"opponentBoard":{"cells":[["EMPTY","EMPTY","EMPTY","EMPTY","EMPTY","EMPTY","EMPTY","EMPTY","EMPTY","EMPTY"],["EMPTY","EMPTY","EMPTY","EMPTY","EMPTY","EMPTY","EMPTY","EMPTY","EMPTY","EMPTY"],["EMPTY","EMPTY","EMPTY","EMPTY","EMPTY","EMPTY","EMPTY","EMPTY","EMPTY","EMPTY"],["EMPTY","EMPTY","EMPTY","EMPTY","EMPTY","EMPTY","EMPTY","EMPTY","EMPTY","EMPTY"],["EMPTY","EMPTY","EMPTY","EMPTY","EMPTY","EMPTY","EMPTY","EMPTY","EMPTY","EMPTY"],["EMPTY","EMPTY","EMPTY","EMPTY","EMPTY","EMPTY","EMPTY","EMPTY","EMPTY","EMPTY"],["EMPTY","EMPTY","EMPTY","EMPTY","EMPTY","EMPTY","EMPTY","EMPTY","EMPTY","EMPTY"],["EMPTY","EMPTY","EMPTY","EMPTY","EMPTY","EMPTY","EMPTY","EMPTY","EMPTY","EMPTY"],["EMPTY","EMPTY","EMPTY","EMPTY","EMPTY","EMPTY","EMPTY","EMPTY","EMPTY","EMPTY"],["EMPTY","EMPTY","EMPTY","EMPTY","EMPTY","EMPTY","EMPTY","EMPTY","EMPTY","EMPTY"]]},"status":"Tu turno"}
[2026-02-20 02:34:49] [DEBUG] [GameClient] <<< RECIBIDO: {"type":"response_game_state","phase":"BATTLE","currentTurn":"bf69c2f1-9d04-41f2-ab77-8d3b2f9e09df","turnTimeSeconds":60,"myBoard":{"cells":[["EMPTY","EMPTY","EMPTY","EMPTY","EMPTY","EMPTY","EMPTY","EMPTY","EMPTY","EMPTY"],["EMPTY","EMPTY","EMPTY","EMPTY","SHIP","SHIP","SHIP","SHIP","SHIP","EMPTY"],["EMPTY","EMPTY","EMPTY","EMPTY","EMPTY","SHIP","SHIP","SHIP","EMPTY","EMPTY"],["EMPTY","EMPTY","EMPTY","EMPTY","EMPTY","SHIP","SHIP","SHIP","EMPTY","EMPTY"],["EMPTY","EMPTY","SHIP","SHIP","SHIP","SHIP","SHIP","SHIP","SHIP","SHIP"],["EMPTY","EMPTY","EMPTY","EMPTY","SHIP","SHIP","SHIP","SHIP","EMPTY","EMPTY"],["EMPTY","EMPTY","EMPTY","EMPTY","SHIP","SHIP","SHIP","SHIP","EMPTY","EMPTY"],["EMPTY","EMPTY","EMPTY","EMPTY","EMPTY","EMPTY","EMPTY","EMPTY","EMPTY","EMPTY"],["EMPTY","EMPTY","EMPTY","EMPTY","SHIP","SHIP","SHIP","EMPTY","EMPTY","EMPTY"],["EMPTY","EMPTY","EMPTY","EMPTY","EMPTY","EMPTY","EMPTY","EMPTY","EMPTY","EMPTY"]],"ships":[{"type":"CARRIER","coordinates":[{"x":4,"y":1},{"x":5,"y":1},{"x":6,"y":1},{"x":7,"y":1},{"x":8,"y":1}],"sunk":false},{"type":"BATTLESHIP","coordinates":[{"x":2,"y":4},{"x":3,"y":4},{"x":4,"y":4},{"x":5,"y":4}],"sunk":false},{"type":"BATTLESHIP","coordinates":[{"x":4,"y":6},{"x":5,"y":6},{"x":6,"y":6},{"x":7,"y":6}],"sunk":false},{"type":"CRUISER","coordinates":[{"x":5,"y":2},{"x":6,"y":2},{"x":7,"y":2}],"sunk":false},{"type":"CRUISER","coordinates":[{"x":5,"y":3},{"x":6,"y":3},{"x":7,"y":3}],"sunk":false},{"type":"DESTROYER","coordinates":[{"x":4,"y":5},{"x":5,"y":5}],"sunk":false},{"type":"DESTROYER","coordinates":[{"x":6,"y":5},{"x":7,"y":5}],"sunk":false},{"type":"DESTROYER","coordinates":[{"x":6,"y":4},{"x":7,"y":4}],"sunk":false},{"type":"DESTROYER","coordinates":[{"x":8,"y":4},{"x":9,"y":4}],"sunk":false},{"type":"CRUISER","coordinates":[{"x":4,"y":8},{"x":5,"y":8},{"x":6,"y":8}],"sunk":false}]},"opponentBoard":{"cells":[["EMPTY","EMPTY","EMPTY","EMPTY","EMPTY","EMPTY","EMPTY","EMPTY","EMPTY","EMPTY"],["EMPTY","EMPTY","EMPTY","EMPTY","EMPTY","EMPTY","EMPTY","EMPTY","EMPTY","EMPTY"],["EMPTY","EMPTY","EMPTY","EMPTY","EMPTY","EMPTY","EMPTY","EMPTY","EMPTY","EMPTY"],["EMPTY","EMPTY","EMPTY","EMPTY","EMPTY","EMPTY","EMPTY","EMPTY","EMPTY","EMPTY"],["EMPTY","EMPTY","EMPTY","EMPTY","EMPTY","EMPTY","EMPTY","EMPTY","EMPTY","EMPTY"],["EMPTY","EMPTY","EMPTY","EMPTY","EMPTY","EMPTY","EMPTY","EMPTY","EMPTY","EMPTY"],["EMPTY","EMPTY","EMPTY","EMPTY","EMPTY","EMPTY","EMPTY","EMPTY","EMPTY","EMPTY"],["EMPTY","EMPTY","EMPTY","EMPTY","EMPTY","EMPTY","EMPTY","EMPTY","EMPTY","EMPTY"],["EMPTY","EMPTY","EMPTY","EMPTY","EMPTY","EMPTY","EMPTY","EMPTY","EMPTY","EMPTY"],["EMPTY","EMPTY","EMPTY","EMPTY","EMPTY","EMPTY","EMPTY","EMPTY","EMPTY","EMPTY"]]},"status":"Turno oponente"}
[2026-02-20 02:34:49] [INFO] [GameViewModel] Cambiando UI a Battle
[2026-02-20 02:34:49] [INFO] [GameViewModel] Cambiando UI a Battle
[2026-02-20 02:34:49] [DEBUG] [GameClient] <<< RECIBIDO: {"type":"response_turn_update","playerId":"bf69c2f1-9d04-41f2-ab77-8d3b2f9e09df","secondsLeft":60}
[2026-02-20 02:34:49] [DEBUG] [GameClient] <<< RECIBIDO: {"type":"response_turn_update","playerId":"bf69c2f1-9d04-41f2-ab77-8d3b2f9e09df","secondsLeft":60}
[2026-02-20 02:34:50] [DEBUG] [GameClient] <<< RECIBIDO: {"type":"response_turn_update","playerId":"bf69c2f1-9d04-41f2-ab77-8d3b2f9e09df","secondsLeft":59}
[2026-02-20 02:34:50] [DEBUG] [GameClient] <<< RECIBIDO: {"type":"response_turn_update","playerId":"bf69c2f1-9d04-41f2-ab77-8d3b2f9e09df","secondsLeft":59}
[2026-02-20 02:34:51] [DEBUG] [GameClient] <<< RECIBIDO: {"type":"response_turn_update","playerId":"bf69c2f1-9d04-41f2-ab77-8d3b2f9e09df","secondsLeft":58}
[2026-02-20 02:34:51] [DEBUG] [GameClient] <<< RECIBIDO: {"type":"response_turn_update","playerId":"bf69c2f1-9d04-41f2-ab77-8d3b2f9e09df","secondsLeft":58}
[2026-02-20 02:34:52] [DEBUG] [GameClient] <<< RECIBIDO: {"type":"response_turn_update","playerId":"bf69c2f1-9d04-41f2-ab77-8d3b2f9e09df","secondsLeft":57}
[2026-02-20 02:34:52] [DEBUG] [GameClient] <<< RECIBIDO: {"type":"response_turn_update","playerId":"bf69c2f1-9d04-41f2-ab77-8d3b2f9e09df","secondsLeft":57}
[2026-02-20 02:34:53] [DEBUG] [GameClient] <<< RECIBIDO: {"type":"response_turn_update","playerId":"bf69c2f1-9d04-41f2-ab77-8d3b2f9e09df","secondsLeft":56}
[2026-02-20 02:34:53] [DEBUG] [GameClient] <<< RECIBIDO: {"type":"response_turn_update","playerId":"bf69c2f1-9d04-41f2-ab77-8d3b2f9e09df","secondsLeft":56}
[2026-02-20 02:34:54] [DEBUG] [GameClient] <<< RECIBIDO: {"type":"response_turn_update","playerId":"bf69c2f1-9d04-41f2-ab77-8d3b2f9e09df","secondsLeft":55}
[2026-02-20 02:34:54] [DEBUG] [GameClient] <<< RECIBIDO: {"type":"response_turn_update","playerId":"bf69c2f1-9d04-41f2-ab77-8d3b2f9e09df","secondsLeft":55}
[2026-02-20 02:34:55] [DEBUG] [GameClient] <<< RECIBIDO: {"type":"response_turn_update","playerId":"bf69c2f1-9d04-41f2-ab77-8d3b2f9e09df","secondsLeft":54}
[2026-02-20 02:34:55] [DEBUG] [GameClient] <<< RECIBIDO: {"type":"response_turn_update","playerId":"bf69c2f1-9d04-41f2-ab77-8d3b2f9e09df","secondsLeft":54}
[2026-02-20 02:34:56] [DEBUG] [GameClient] <<< RECIBIDO: {"type":"response_turn_update","playerId":"bf69c2f1-9d04-41f2-ab77-8d3b2f9e09df","secondsLeft":53}
[2026-02-20 02:34:56] [DEBUG] [GameClient] <<< RECIBIDO: {"type":"response_turn_update","playerId":"bf69c2f1-9d04-41f2-ab77-8d3b2f9e09df","secondsLeft":53}
[2026-02-20 02:34:57] [DEBUG] [GameClient] <<< RECIBIDO: {"type":"response_turn_update","playerId":"bf69c2f1-9d04-41f2-ab77-8d3b2f9e09df","secondsLeft":52}
[2026-02-20 02:34:57] [DEBUG] [GameClient] <<< RECIBIDO: {"type":"response_turn_update","playerId":"bf69c2f1-9d04-41f2-ab77-8d3b2f9e09df","secondsLeft":52}
[2026-02-20 02:34:57] [DEBUG] [GameClient] >>> ENVIANDO: {"type":"system_ping","timestamp":1771551297351}
[2026-02-20 02:34:57] [DEBUG] [GameClient] <<< RECIBIDO: {"type":"system_pong"}
[2026-02-20 02:34:58] [DEBUG] [GameClient] <<< RECIBIDO: {"type":"response_turn_update","playerId":"bf69c2f1-9d04-41f2-ab77-8d3b2f9e09df","secondsLeft":51}
[2026-02-20 02:34:58] [DEBUG] [GameClient] <<< RECIBIDO: {"type":"response_turn_update","playerId":"bf69c2f1-9d04-41f2-ab77-8d3b2f9e09df","secondsLeft":51}
[2026-02-20 02:34:58] [DEBUG] [GameClient] >>> ENVIANDO: {"type":"system_ping","timestamp":1771551298548}
[2026-02-20 02:34:58] [DEBUG] [GameClient] <<< RECIBIDO: {"type":"system_pong"}
[2026-02-20 02:34:59] [DEBUG] [GameClient] <<< RECIBIDO: {"type":"response_turn_update","playerId":"bf69c2f1-9d04-41f2-ab77-8d3b2f9e09df","secondsLeft":50}
[2026-02-20 02:34:59] [DEBUG] [GameClient] <<< RECIBIDO: {"type":"response_turn_update","playerId":"bf69c2f1-9d04-41f2-ab77-8d3b2f9e09df","secondsLeft":50}
[2026-02-20 02:35:00] [DEBUG] [GameClient] <<< RECIBIDO: {"type":"response_turn_update","playerId":"bf69c2f1-9d04-41f2-ab77-8d3b2f9e09df","secondsLeft":49}
[2026-02-20 02:35:00] [DEBUG] [GameClient] <<< RECIBIDO: {"type":"response_turn_update","playerId":"bf69c2f1-9d04-41f2-ab77-8d3b2f9e09df","secondsLeft":49}
[2026-02-20 02:35:01] [DEBUG] [GameClient] <<< RECIBIDO: {"type":"response_turn_update","playerId":"bf69c2f1-9d04-41f2-ab77-8d3b2f9e09df","secondsLeft":48}
[2026-02-20 02:35:01] [DEBUG] [GameClient] <<< RECIBIDO: {"type":"response_turn_update","playerId":"bf69c2f1-9d04-41f2-ab77-8d3b2f9e09df","secondsLeft":48}
[2026-02-20 02:35:02] [DEBUG] [GameClient] <<< RECIBIDO: {"type":"response_turn_update","playerId":"bf69c2f1-9d04-41f2-ab77-8d3b2f9e09df","secondsLeft":47}
[2026-02-20 02:35:02] [DEBUG] [GameClient] <<< RECIBIDO: {"type":"response_turn_update","playerId":"bf69c2f1-9d04-41f2-ab77-8d3b2f9e09df","secondsLeft":47}
[2026-02-20 02:35:03] [DEBUG] [GameClient] <<< RECIBIDO: {"type":"response_turn_update","playerId":"bf69c2f1-9d04-41f2-ab77-8d3b2f9e09df","secondsLeft":46}
[2026-02-20 02:35:03] [DEBUG] [GameClient] <<< RECIBIDO: {"type":"response_turn_update","playerId":"bf69c2f1-9d04-41f2-ab77-8d3b2f9e09df","secondsLeft":46}
[2026-02-20 02:35:04] [DEBUG] [GameClient] <<< RECIBIDO: {"type":"response_turn_update","playerId":"bf69c2f1-9d04-41f2-ab77-8d3b2f9e09df","secondsLeft":45}
[2026-02-20 02:35:04] [DEBUG] [GameClient] <<< RECIBIDO: {"type":"response_turn_update","playerId":"bf69c2f1-9d04-41f2-ab77-8d3b2f9e09df","secondsLeft":45}
[2026-02-20 02:35:05] [DEBUG] [GameClient] <<< RECIBIDO: {"type":"response_turn_update","playerId":"bf69c2f1-9d04-41f2-ab77-8d3b2f9e09df","secondsLeft":44}
[2026-02-20 02:35:05] [DEBUG] [GameClient] <<< RECIBIDO: {"type":"response_turn_update","playerId":"bf69c2f1-9d04-41f2-ab77-8d3b2f9e09df","secondsLeft":44}
[2026-02-20 02:35:06] [DEBUG] [GameClient] <<< RECIBIDO: {"type":"response_turn_update","playerId":"bf69c2f1-9d04-41f2-ab77-8d3b2f9e09df","secondsLeft":43}
[2026-02-20 02:35:06] [DEBUG] [GameClient] <<< RECIBIDO: {"type":"response_turn_update","playerId":"bf69c2f1-9d04-41f2-ab77-8d3b2f9e09df","secondsLeft":43}
[2026-02-20 02:35:06] [DEBUG] [GameViewModel] Click en (2, 4). CurrentTurn=bf69c2f1-9d04-41f2-ab77-8d3b2f9e09df, MyPlayerId='bf69c2f1-9d04-41f2-ab77-8d3b2f9e09df', Match=true
[2026-02-20 02:35:06] [INFO] [GameViewModel] Enviando ataque a (2, 4)
[2026-02-20 02:35:06] [DEBUG] [GameClient] >>> ENVIANDO: {"type":"action_attack","coordinate":{"x":2,"y":4}}
[2026-02-20 02:35:06] [DEBUG] [GameClient] <<< RECIBIDO: {"type":"response_attack_result","pos":{"x":2,"y":4},"result":"HIT","sunk":false}
[2026-02-20 02:35:06] [DEBUG] [GameClient] <<< RECIBIDO: {"type":"response_opponent_attack","pos":{"x":2,"y":4},"result":"HIT","sunk":false}
[2026-02-20 02:35:06] [INFO] [GameViewModel] Resultado de mi ataque en (2, 4): ¡Tocado!
[2026-02-20 02:35:06] [DEBUG] [GameClient] <<< RECIBIDO: {"type":"response_turn_update","playerId":"abdc4550-579a-4537-8b08-c276bfa863bc","secondsLeft":60}
[2026-02-20 02:35:06] [INFO] [GameViewModel] Ataque enemigo en (2, 4): te dio
[2026-02-20 02:35:06] [DEBUG] [GameClient] <<< RECIBIDO: {"type":"response_turn_update","playerId":"abdc4550-579a-4537-8b08-c276bfa863bc","secondsLeft":60}
[2026-02-20 02:35:06] [DEBUG] [GameClient] <<< RECIBIDO: {"type":"response_turn_update","playerId":"abdc4550-579a-4537-8b08-c276bfa863bc","secondsLeft":60}
[2026-02-20 02:35:06] [DEBUG] [GameClient] <<< RECIBIDO: {"type":"response_turn_update","playerId":"abdc4550-579a-4537-8b08-c276bfa863bc","secondsLeft":60}
[2026-02-20 02:35:06] [DEBUG] [GameClient] <<< RECIBIDO: {"type":"response_game_state","phase":"BATTLE","currentTurn":"abdc4550-579a-4537-8b08-c276bfa863bc","turnTimeSeconds":60,"myBoard":{"cells":[["SHIP","SHIP","SHIP","SHIP","SHIP","EMPTY","EMPTY","EMPTY","EMPTY","EMPTY"],["SHIP","SHIP","SHIP","SHIP","EMPTY","EMPTY","EMPTY","EMPTY","EMPTY","EMPTY"],["EMPTY","SHIP","SHIP","SHIP","SHIP","EMPTY","EMPTY","EMPTY","EMPTY","EMPTY"],["EMPTY","EMPTY","EMPTY","EMPTY","SHIP","SHIP","SHIP","EMPTY","EMPTY","EMPTY"],["EMPTY","EMPTY","EMPTY","SHIP","SHIP","SHIP","EMPTY","EMPTY","EMPTY","EMPTY"],["EMPTY","EMPTY","SHIP","SHIP","EMPTY","SHIP","SHIP","SHIP","SHIP","SHIP"],["EMPTY","EMPTY","EMPTY","EMPTY","EMPTY","EMPTY","EMPTY","EMPTY","EMPTY","EMPTY"],["EMPTY","EMPTY","EMPTY","SHIP","SHIP","EMPTY","EMPTY","SHIP","SHIP","EMPTY"],["EMPTY","EMPTY","EMPTY","EMPTY","EMPTY","EMPTY","EMPTY","EMPTY","EMPTY","EMPTY"],["EMPTY","EMPTY","EMPTY","EMPTY","EMPTY","EMPTY","EMPTY","EMPTY","EMPTY","EMPTY"]],"ships":[{"type":"CARRIER","coordinates":[{"x":0,"y":0},{"x":1,"y":0},{"x":2,"y":0},{"x":3,"y":0},{"x":4,"y":0}],"sunk":false},{"type":"BATTLESHIP","coordinates":[{"x":0,"y":1},{"x":1,"y":1},{"x":2,"y":1},{"x":3,"y":1}],"sunk":false},{"type":"BATTLESHIP","coordinates":[{"x":1,"y":2},{"x":2,"y":2},{"x":3,"y":2},{"x":4,"y":2}],"sunk":false},{"type":"CRUISER","coordinates":[{"x":4,"y":3},{"x":5,"y":3},{"x":6,"y":3}],"sunk":false},{"type":"CRUISER","coordinates":[{"x":3,"y":4},{"x":4,"y":4},{"x":5,"y":4}],"sunk":false},{"type":"CRUISER","coordinates":[{"x":7,"y":5},{"x":8,"y":5},{"x":9,"y":5}],"sunk":false},{"type":"DESTROYER","coordinates":[{"x":2,"y":5},{"x":3,"y":5}],"sunk":false},{"type":"DESTROYER","coordinates":[{"x":5,"y":5},{"x":6,"y":5}],"sunk":false},{"type":"DESTROYER","coordinates":[{"x":3,"y":7},{"x":4,"y":7}],"sunk":false},{"type":"DESTROYER","coordinates":[{"x":7,"y":7},{"x":8,"y":7}],"sunk":false}]},"opponentBoard":{"cells":[["EMPTY","EMPTY","EMPTY","EMPTY","EMPTY","EMPTY","EMPTY","EMPTY","EMPTY","EMPTY"],["EMPTY","EMPTY","EMPTY","EMPTY","EMPTY","EMPTY","EMPTY","EMPTY","EMPTY","EMPTY"],["EMPTY","EMPTY","EMPTY","EMPTY","EMPTY","EMPTY","EMPTY","EMPTY","EMPTY","EMPTY"],["EMPTY","EMPTY","EMPTY","EMPTY","EMPTY","EMPTY","EMPTY","EMPTY","EMPTY","EMPTY"],["EMPTY","EMPTY","HIT","EMPTY","EMPTY","EMPTY","EMPTY","EMPTY","EMPTY","EMPTY"],["EMPTY","EMPTY","EMPTY","EMPTY","EMPTY","EMPTY","EMPTY","EMPTY","EMPTY","EMPTY"],["EMPTY","EMPTY","EMPTY","EMPTY","EMPTY","EMPTY","EMPTY","EMPTY","EMPTY","EMPTY"],["EMPTY","EMPTY","EMPTY","EMPTY","EMPTY","EMPTY","EMPTY","EMPTY","EMPTY","EMPTY"],["EMPTY","EMPTY","EMPTY","EMPTY","EMPTY","EMPTY","EMPTY","EMPTY","EMPTY","EMPTY"],["EMPTY","EMPTY","EMPTY","EMPTY","EMPTY","EMPTY","EMPTY","EMPTY","EMPTY","EMPTY"]]},"status":"Turno oponente"}
[2026-02-20 02:35:06] [DEBUG] [GameClient] <<< RECIBIDO: {"type":"response_game_state","phase":"BATTLE","currentTurn":"abdc4550-579a-4537-8b08-c276bfa863bc","turnTimeSeconds":60,"myBoard":{"cells":[["EMPTY","EMPTY","EMPTY","EMPTY","EMPTY","EMPTY","EMPTY","EMPTY","EMPTY","EMPTY"],["EMPTY","EMPTY","EMPTY","EMPTY","SHIP","SHIP","SHIP","SHIP","SHIP","EMPTY"],["EMPTY","EMPTY","EMPTY","EMPTY","EMPTY","SHIP","SHIP","SHIP","EMPTY","EMPTY"],["EMPTY","EMPTY","EMPTY","EMPTY","EMPTY","SHIP","SHIP","SHIP","EMPTY","EMPTY"],["EMPTY","EMPTY","HIT","SHIP","SHIP","SHIP","SHIP","SHIP","SHIP","SHIP"],["EMPTY","EMPTY","EMPTY","EMPTY","SHIP","SHIP","SHIP","SHIP","EMPTY","EMPTY"],["EMPTY","EMPTY","EMPTY","EMPTY","SHIP","SHIP","SHIP","SHIP","EMPTY","EMPTY"],["EMPTY","EMPTY","EMPTY","EMPTY","EMPTY","EMPTY","EMPTY","EMPTY","EMPTY","EMPTY"],["EMPTY","EMPTY","EMPTY","EMPTY","SHIP","SHIP","SHIP","EMPTY","EMPTY","EMPTY"],["EMPTY","EMPTY","EMPTY","EMPTY","EMPTY","EMPTY","EMPTY","EMPTY","EMPTY","EMPTY"]],"ships":[{"type":"CARRIER","coordinates":[{"x":4,"y":1},{"x":5,"y":1},{"x":6,"y":1},{"x":7,"y":1},{"x":8,"y":1}],"sunk":false},{"type":"BATTLESHIP","coordinates":[{"x":2,"y":4},{"x":3,"y":4},{"x":4,"y":4},{"x":5,"y":4}],"sunk":false},{"type":"BATTLESHIP","coordinates":[{"x":4,"y":6},{"x":5,"y":6},{"x":6,"y":6},{"x":7,"y":6}],"sunk":false},{"type":"CRUISER","coordinates":[{"x":5,"y":2},{"x":6,"y":2},{"x":7,"y":2}],"sunk":false},{"type":"CRUISER","coordinates":[{"x":5,"y":3},{"x":6,"y":3},{"x":7,"y":3}],"sunk":false},{"type":"DESTROYER","coordinates":[{"x":4,"y":5},{"x":5,"y":5}],"sunk":false},{"type":"DESTROYER","coordinates":[{"x":6,"y":5},{"x":7,"y":5}],"sunk":false},{"type":"DESTROYER","coordinates":[{"x":6,"y":4},{"x":7,"y":4}],"sunk":false},{"type":"DESTROYER","coordinates":[{"x":8,"y":4},{"x":9,"y":4}],"sunk":false},{"type":"CRUISER","coordinates":[{"x":4,"y":8},{"x":5,"y":8},{"x":6,"y":8}],"sunk":false}]},"opponentBoard":{"cells":[["EMPTY","EMPTY","EMPTY","EMPTY","EMPTY","EMPTY","EMPTY","EMPTY","EMPTY","EMPTY"],["EMPTY","EMPTY","EMPTY","EMPTY","EMPTY","EMPTY","EMPTY","EMPTY","EMPTY","EMPTY"],["EMPTY","EMPTY","EMPTY","EMPTY","EMPTY","EMPTY","EMPTY","EMPTY","EMPTY","EMPTY"],["EMPTY","EMPTY","EMPTY","EMPTY","EMPTY","EMPTY","EMPTY","EMPTY","EMPTY","EMPTY"],["EMPTY","EMPTY","EMPTY","EMPTY","EMPTY","EMPTY","EMPTY","EMPTY","EMPTY","EMPTY"],["EMPTY","EMPTY","EMPTY","EMPTY","EMPTY","EMPTY","EMPTY","EMPTY","EMPTY","EMPTY"],["EMPTY","EMPTY","EMPTY","EMPTY","EMPTY","EMPTY","EMPTY","EMPTY","EMPTY","EMPTY"],["EMPTY","EMPTY","EMPTY","EMPTY","EMPTY","EMPTY","EMPTY","EMPTY","EMPTY","EMPTY"],["EMPTY","EMPTY","EMPTY","EMPTY","EMPTY","EMPTY","EMPTY","EMPTY","EMPTY","EMPTY"],["EMPTY","EMPTY","EMPTY","EMPTY","EMPTY","EMPTY","EMPTY","EMPTY","EMPTY","EMPTY"]]},"status":"Tu turno"}
[2026-02-20 02:35:07] [DEBUG] [GameClient] <<< RECIBIDO: {"type":"response_turn_update","playerId":"abdc4550-579a-4537-8b08-c276bfa863bc","secondsLeft":59}
[2026-02-20 02:35:07] [DEBUG] [GameClient] <<< RECIBIDO: {"type":"response_turn_update","playerId":"abdc4550-579a-4537-8b08-c276bfa863bc","secondsLeft":59}
[2026-02-20 02:35:08] [DEBUG] [GameClient] <<< RECIBIDO: {"type":"response_turn_update","playerId":"abdc4550-579a-4537-8b08-c276bfa863bc","secondsLeft":58}
[2026-02-20 02:35:08] [DEBUG] [GameClient] <<< RECIBIDO: {"type":"response_turn_update","playerId":"abdc4550-579a-4537-8b08-c276bfa863bc","secondsLeft":58}
[2026-02-20 02:35:09] [DEBUG] [GameClient] <<< RECIBIDO: {"type":"response_turn_update","playerId":"abdc4550-579a-4537-8b08-c276bfa863bc","secondsLeft":57}
[2026-02-20 02:35:09] [DEBUG] [GameClient] <<< RECIBIDO: {"type":"response_turn_update","playerId":"abdc4550-579a-4537-8b08-c276bfa863bc","secondsLeft":57}
[2026-02-20 02:35:10] [DEBUG] [GameClient] <<< RECIBIDO: {"type":"response_turn_update","playerId":"abdc4550-579a-4537-8b08-c276bfa863bc","secondsLeft":56}
[2026-02-20 02:35:10] [DEBUG] [GameClient] <<< RECIBIDO: {"type":"response_turn_update","playerId":"abdc4550-579a-4537-8b08-c276bfa863bc","secondsLeft":56}
[2026-02-20 02:35:11] [DEBUG] [GameClient] <<< RECIBIDO: {"type":"response_turn_update","playerId":"abdc4550-579a-4537-8b08-c276bfa863bc","secondsLeft":55}
[2026-02-20 02:35:11] [DEBUG] [GameClient] <<< RECIBIDO: {"type":"response_turn_update","playerId":"abdc4550-579a-4537-8b08-c276bfa863bc","secondsLeft":55}
[2026-02-20 02:35:12] [DEBUG] [GameClient] <<< RECIBIDO: {"type":"response_turn_update","playerId":"abdc4550-579a-4537-8b08-c276bfa863bc","secondsLeft":54}
[2026-02-20 02:35:12] [DEBUG] [GameClient] <<< RECIBIDO: {"type":"response_turn_update","playerId":"abdc4550-579a-4537-8b08-c276bfa863bc","secondsLeft":54}
[2026-02-20 02:35:13] [DEBUG] [GameViewModel] Click en (4, 3). CurrentTurn=abdc4550-579a-4537-8b08-c276bfa863bc, MyPlayerId='abdc4550-579a-4537-8b08-c276bfa863bc', Match=true
[2026-02-20 02:35:13] [INFO] [GameViewModel] Enviando ataque a (4, 3)
[2026-02-20 02:35:13] [DEBUG] [GameClient] >>> ENVIANDO: {"type":"action_attack","coordinate":{"x":4,"y":3}}
[2026-02-20 02:35:13] [DEBUG] [GameClient] <<< RECIBIDO: {"type":"response_attack_result","pos":{"x":4,"y":3},"result":"HIT","sunk":false}
[2026-02-20 02:35:13] [DEBUG] [GameClient] <<< RECIBIDO: {"type":"response_opponent_attack","pos":{"x":4,"y":3},"result":"HIT","sunk":false}
[2026-02-20 02:35:13] [INFO] [GameViewModel] Resultado de mi ataque en (4, 3): ¡Tocado!
[2026-02-20 02:35:13] [DEBUG] [GameClient] <<< RECIBIDO: {"type":"response_turn_update","playerId":"bf69c2f1-9d04-41f2-ab77-8d3b2f9e09df","secondsLeft":60}
[2026-02-20 02:35:13] [DEBUG] [GameClient] <<< RECIBIDO: {"type":"response_turn_update","playerId":"bf69c2f1-9d04-41f2-ab77-8d3b2f9e09df","secondsLeft":60}
[2026-02-20 02:35:13] [DEBUG] [GameClient] <<< RECIBIDO: {"type":"response_turn_update","playerId":"bf69c2f1-9d04-41f2-ab77-8d3b2f9e09df","secondsLeft":60}
[2026-02-20 02:35:13] [INFO] [GameViewModel] Ataque enemigo en (4, 3): te dio
[2026-02-20 02:35:13] [DEBUG] [GameClient] <<< RECIBIDO: {"type":"response_turn_update","playerId":"bf69c2f1-9d04-41f2-ab77-8d3b2f9e09df","secondsLeft":60}
[2026-02-20 02:35:13] [DEBUG] [GameClient] <<< RECIBIDO: {"type":"response_game_state","phase":"BATTLE","currentTurn":"bf69c2f1-9d04-41f2-ab77-8d3b2f9e09df","turnTimeSeconds":60,"myBoard":{"cells":[["SHIP","SHIP","SHIP","SHIP","SHIP","EMPTY","EMPTY","EMPTY","EMPTY","EMPTY"],["SHIP","SHIP","SHIP","SHIP","EMPTY","EMPTY","EMPTY","EMPTY","EMPTY","EMPTY"],["EMPTY","SHIP","SHIP","SHIP","SHIP","EMPTY","EMPTY","EMPTY","EMPTY","EMPTY"],["EMPTY","EMPTY","EMPTY","EMPTY","HIT","SHIP","SHIP","EMPTY","EMPTY","EMPTY"],["EMPTY","EMPTY","EMPTY","SHIP","SHIP","SHIP","EMPTY","EMPTY","EMPTY","EMPTY"],["EMPTY","EMPTY","SHIP","SHIP","EMPTY","SHIP","SHIP","SHIP","SHIP","SHIP"],["EMPTY","EMPTY","EMPTY","EMPTY","EMPTY","EMPTY","EMPTY","EMPTY","EMPTY","EMPTY"],["EMPTY","EMPTY","EMPTY","SHIP","SHIP","EMPTY","EMPTY","SHIP","SHIP","EMPTY"],["EMPTY","EMPTY","EMPTY","EMPTY","EMPTY","EMPTY","EMPTY","EMPTY","EMPTY","EMPTY"],["EMPTY","EMPTY","EMPTY","EMPTY","EMPTY","EMPTY","EMPTY","EMPTY","EMPTY","EMPTY"]],"ships":[{"type":"CARRIER","coordinates":[{"x":0,"y":0},{"x":1,"y":0},{"x":2,"y":0},{"x":3,"y":0},{"x":4,"y":0}],"sunk":false},{"type":"BATTLESHIP","coordinates":[{"x":0,"y":1},{"x":1,"y":1},{"x":2,"y":1},{"x":3,"y":1}],"sunk":false},{"type":"BATTLESHIP","coordinates":[{"x":1,"y":2},{"x":2,"y":2},{"x":3,"y":2},{"x":4,"y":2}],"sunk":false},{"type":"CRUISER","coordinates":[{"x":4,"y":3},{"x":5,"y":3},{"x":6,"y":3}],"sunk":false},{"type":"CRUISER","coordinates":[{"x":3,"y":4},{"x":4,"y":4},{"x":5,"y":4}],"sunk":false},{"type":"CRUISER","coordinates":[{"x":7,"y":5},{"x":8,"y":5},{"x":9,"y":5}],"sunk":false},{"type":"DESTROYER","coordinates":[{"x":2,"y":5},{"x":3,"y":5}],"sunk":false},{"type":"DESTROYER","coordinates":[{"x":5,"y":5},{"x":6,"y":5}],"sunk":false},{"type":"DESTROYER","coordinates":[{"x":3,"y":7},{"x":4,"y":7}],"sunk":false},{"type":"DESTROYER","coordinates":[{"x":7,"y":7},{"x":8,"y":7}],"sunk":false}]},"opponentBoard":{"cells":[["EMPTY","EMPTY","EMPTY","EMPTY","EMPTY","EMPTY","EMPTY","EMPTY","EMPTY","EMPTY"],["EMPTY","EMPTY","EMPTY","EMPTY","EMPTY","EMPTY","EMPTY","EMPTY","EMPTY","EMPTY"],["EMPTY","EMPTY","EMPTY","EMPTY","EMPTY","EMPTY","EMPTY","EMPTY","EMPTY","EMPTY"],["EMPTY","EMPTY","EMPTY","EMPTY","EMPTY","EMPTY","EMPTY","EMPTY","EMPTY","EMPTY"],["EMPTY","EMPTY","HIT","EMPTY","EMPTY","EMPTY","EMPTY","EMPTY","EMPTY","EMPTY"],["EMPTY","EMPTY","EMPTY","EMPTY","EMPTY","EMPTY","EMPTY","EMPTY","EMPTY","EMPTY"],["EMPTY","EMPTY","EMPTY","EMPTY","EMPTY","EMPTY","EMPTY","EMPTY","EMPTY","EMPTY"],["EMPTY","EMPTY","EMPTY","EMPTY","EMPTY","EMPTY","EMPTY","EMPTY","EMPTY","EMPTY"],["EMPTY","EMPTY","EMPTY","EMPTY","EMPTY","EMPTY","EMPTY","EMPTY","EMPTY","EMPTY"],["EMPTY","EMPTY","EMPTY","EMPTY","EMPTY","EMPTY","EMPTY","EMPTY","EMPTY","EMPTY"]]},"status":"Tu turno"}
[2026-02-20 02:35:13] [DEBUG] [GameClient] <<< RECIBIDO: {"type":"response_game_state","phase":"BATTLE","currentTurn":"bf69c2f1-9d04-41f2-ab77-8d3b2f9e09df","turnTimeSeconds":60,"myBoard":{"cells":[["EMPTY","EMPTY","EMPTY","EMPTY","EMPTY","EMPTY","EMPTY","EMPTY","EMPTY","EMPTY"],["EMPTY","EMPTY","EMPTY","EMPTY","SHIP","SHIP","SHIP","SHIP","SHIP","EMPTY"],["EMPTY","EMPTY","EMPTY","EMPTY","EMPTY","SHIP","SHIP","SHIP","EMPTY","EMPTY"],["EMPTY","EMPTY","EMPTY","EMPTY","EMPTY","SHIP","SHIP","SHIP","EMPTY","EMPTY"],["EMPTY","EMPTY","HIT","SHIP","SHIP","SHIP","SHIP","SHIP","SHIP","SHIP"],["EMPTY","EMPTY","EMPTY","EMPTY","SHIP","SHIP","SHIP","SHIP","EMPTY","EMPTY"],["EMPTY","EMPTY","EMPTY","EMPTY","SHIP","SHIP","SHIP","SHIP","EMPTY","EMPTY"],["EMPTY","EMPTY","EMPTY","EMPTY","EMPTY","EMPTY","EMPTY","EMPTY","EMPTY","EMPTY"],["EMPTY","EMPTY","EMPTY","EMPTY","SHIP","SHIP","SHIP","EMPTY","EMPTY","EMPTY"],["EMPTY","EMPTY","EMPTY","EMPTY","EMPTY","EMPTY","EMPTY","EMPTY","EMPTY","EMPTY"]],"ships":[{"type":"CARRIER","coordinates":[{"x":4,"y":1},{"x":5,"y":1},{"x":6,"y":1},{"x":7,"y":1},{"x":8,"y":1}],"sunk":false},{"type":"BATTLESHIP","coordinates":[{"x":2,"y":4},{"x":3,"y":4},{"x":4,"y":4},{"x":5,"y":4}],"sunk":false},{"type":"BATTLESHIP","coordinates":[{"x":4,"y":6},{"x":5,"y":6},{"x":6,"y":6},{"x":7,"y":6}],"sunk":false},{"type":"CRUISER","coordinates":[{"x":5,"y":2},{"x":6,"y":2},{"x":7,"y":2}],"sunk":false},{"type":"CRUISER","coordinates":[{"x":5,"y":3},{"x":6,"y":3},{"x":7,"y":3}],"sunk":false},{"type":"DESTROYER","coordinates":[{"x":4,"y":5},{"x":5,"y":5}],"sunk":false},{"type":"DESTROYER","coordinates":[{"x":6,"y":5},{"x":7,"y":5}],"sunk":false},{"type":"DESTROYER","coordinates":[{"x":6,"y":4},{"x":7,"y":4}],"sunk":false},{"type":"DESTROYER","coordinates":[{"x":8,"y":4},{"x":9,"y":4}],"sunk":false},{"type":"CRUISER","coordinates":[{"x":4,"y":8},{"x":5,"y":8},{"x":6,"y":8}],"sunk":false}]},"opponentBoard":{"cells":[["EMPTY","EMPTY","EMPTY","EMPTY","EMPTY","EMPTY","EMPTY","EMPTY","EMPTY","EMPTY"],["EMPTY","EMPTY","EMPTY","EMPTY","EMPTY","EMPTY","EMPTY","EMPTY","EMPTY","EMPTY"],["EMPTY","EMPTY","EMPTY","EMPTY","EMPTY","EMPTY","EMPTY","EMPTY","EMPTY","EMPTY"],["EMPTY","EMPTY","EMPTY","EMPTY","HIT","EMPTY","EMPTY","EMPTY","EMPTY","EMPTY"],["EMPTY","EMPTY","EMPTY","EMPTY","EMPTY","EMPTY","EMPTY","EMPTY","EMPTY","EMPTY"],["EMPTY","EMPTY","EMPTY","EMPTY","EMPTY","EMPTY","EMPTY","EMPTY","EMPTY","EMPTY"],["EMPTY","EMPTY","EMPTY","EMPTY","EMPTY","EMPTY","EMPTY","EMPTY","EMPTY","EMPTY"],["EMPTY","EMPTY","EMPTY","EMPTY","EMPTY","EMPTY","EMPTY","EMPTY","EMPTY","EMPTY"],["EMPTY","EMPTY","EMPTY","EMPTY","EMPTY","EMPTY","EMPTY","EMPTY","EMPTY","EMPTY"],["EMPTY","EMPTY","EMPTY","EMPTY","EMPTY","EMPTY","EMPTY","EMPTY","EMPTY","EMPTY"]]},"status":"Turno oponente"}
[2026-02-20 02:35:14] [DEBUG] [GameClient] <<< RECIBIDO: {"type":"response_turn_update","playerId":"bf69c2f1-9d04-41f2-ab77-8d3b2f9e09df","secondsLeft":59}
[2026-02-20 02:35:14] [DEBUG] [GameClient] <<< RECIBIDO: {"type":"response_turn_update","playerId":"bf69c2f1-9d04-41f2-ab77-8d3b2f9e09df","secondsLeft":59}
[2026-02-20 02:35:15] [DEBUG] [GameClient] <<< RECIBIDO: {"type":"response_turn_update","playerId":"bf69c2f1-9d04-41f2-ab77-8d3b2f9e09df","secondsLeft":58}
[2026-02-20 02:35:15] [DEBUG] [GameClient] <<< RECIBIDO: {"type":"response_turn_update","playerId":"bf69c2f1-9d04-41f2-ab77-8d3b2f9e09df","secondsLeft":58}
[2026-02-20 02:35:16] [DEBUG] [GameClient] <<< RECIBIDO: {"type":"response_turn_update","playerId":"bf69c2f1-9d04-41f2-ab77-8d3b2f9e09df","secondsLeft":57}
[2026-02-20 02:35:16] [DEBUG] [GameClient] <<< RECIBIDO: {"type":"response_turn_update","playerId":"bf69c2f1-9d04-41f2-ab77-8d3b2f9e09df","secondsLeft":57}
[2026-02-20 02:35:17] [DEBUG] [GameClient] <<< RECIBIDO: {"type":"response_turn_update","playerId":"bf69c2f1-9d04-41f2-ab77-8d3b2f9e09df","secondsLeft":56}
[2026-02-20 02:35:17] [DEBUG] [GameClient] <<< RECIBIDO: {"type":"response_turn_update","playerId":"bf69c2f1-9d04-41f2-ab77-8d3b2f9e09df","secondsLeft":56}
[2026-02-20 02:35:17] [INFO] [GameViewModel] Usuario solicita endSession(). Limpiando estado UI inmediatamente.
[2026-02-20 02:35:17] [DEBUG] [GameClient] >>> ENVIANDO: {"type":"action_leave_game"}
[2026-02-20 02:35:17] [DEBUG] [GameClient] <<< RECIBIDO: {"type":"response_game_over","winnerId":"bf69c2f1-9d04-41f2-ab77-8d3b2f9e09df","stats":{"totalShots":1,"successfulHits":1,"shipsDestroyed":0,"accuracy":100.0,"winStreak":0}}
[2026-02-20 02:35:17] [DEBUG] [GameClient] <<< RECIBIDO: {"type":"response_game_over","winnerId":"bf69c2f1-9d04-41f2-ab77-8d3b2f9e09df","stats":{"totalShots":1,"successfulHits":1,"shipsDestroyed":0,"accuracy":100.0,"winStreak":1}}
[2026-02-20 02:35:17] [DEBUG] [GameViewModel] Ignorando mensaje GameOver porque estamos en MainMenu
[2026-02-20 02:35:17] [INFO] [GameViewModel] GameOver. Ganador: bf69c2f1-9d04-41f2-ab77-8d3b2f9e09df. Soy ganador: true
[2026-02-20 02:35:21] [DEBUG] [GameViewModel] Navegando al Menú Principal. Ejecutando cleanup de partida.
[2026-02-20 02:35:23] [DEBUG] [GameViewModel] Navegando a Records.
[2026-02-20 02:35:23] [DEBUG] [GameViewModel] Solicitando estadísticas.
[2026-02-20 02:35:23] [DEBUG] [GameClient] >>> ENVIANDO: {"type":"stats_request"}
[2026-02-20 02:35:23] [DEBUG] [GameClient] <<< RECIBIDO: {"type":"stats_response","playerStats":{"playerName":"paco","gamesPlayed":2,"gamesWon":1,"gamesLost":1,"pvpWon":1,"pvpLost":1,"totalShots":30,"totalHits":22,"winStreak":1,"bestWinStreak":1,"averageAccuracy":73.33333333333333,"bestAccuracy":100.0,"fastestWinTurns":1,"totalPlayTimeSeconds":0},"leaderboard":[{"rank":1,"playerName":"peruco","gamesWon":4,"winRate":66.66666666666666,"bestStreak":3},{"rank":2,"playerName":"paco","gamesWon":1,"winRate":50.0,"bestStreak":1}]}
[2026-02-20 02:35:23] [INFO] [GameViewModel] Estadísticas recibidas. Actualizando Leaderboard y PlayerStats.
[2026-02-20 02:35:27] [DEBUG] [GameClient] >>> ENVIANDO: {"type":"system_ping","timestamp":1771551327366}
[2026-02-20 02:35:27] [DEBUG] [GameClient] <<< RECIBIDO: {"type":"system_pong"}
[2026-02-20 02:35:27] [DEBUG] [GameViewModel] Ignorando mensaje Pong porque estamos en MainMenu
[2026-02-20 02:35:28] [DEBUG] [GameClient] >>> ENVIANDO: {"type":"system_ping","timestamp":1771551328551}
[2026-02-20 02:35:28] [DEBUG] [GameClient] <<< RECIBIDO: {"type":"system_pong"}
[2026-02-20 02:35:33] [DEBUG] [GameViewModel] Navegando al Menú Principal. Ejecutando cleanup de partida.
[2026-02-20 02:35:34] [INFO] [GameViewModel] Usuario solicitó desconexión.
[2026-02-20 02:35:34] [INFO] [GameClient] Desconectando...
[2026-02-20 02:35:34] [DEBUG] [GameClient] >>> ENVIANDO: {"type":"connection_disconnect"}
[2026-02-20 02:35:34] [ERROR] [GameClient] Error en Keep-Alive: StandaloneCoroutine was cancelled
kotlinx.coroutines.JobCancellationException: StandaloneCoroutine was cancelled; job=StandaloneCoroutine{Cancelling}@2d13d14b
[2026-02-20 02:35:34] [ERROR] [GameClient] Excepción inesperada en message collection: StandaloneCoroutine was cancelled
kotlinx.coroutines.JobCancellationException: StandaloneCoroutine was cancelled; job=StandaloneCoroutine{Cancelling}@1241409f
[2026-02-20 02:35:34] [INFO] [GameClient] Manejando desconexión inesperada.
[2026-02-20 02:35:35] [INFO] [GameViewModel] Usuario solicitó desconexión.
[2026-02-20 02:35:35] [INFO] [GameClient] Desconectando...
[2026-02-20 02:35:35] [DEBUG] [GameClient] >>> ENVIANDO: {"type":"connection_disconnect"}
[2026-02-20 02:35:35] [ERROR] [GameClient] Error en Keep-Alive: StandaloneCoroutine was cancelled
kotlinx.coroutines.JobCancellationException: StandaloneCoroutine was cancelled; job=StandaloneCoroutine{Cancelling}@51fd9fcf
[2026-02-20 02:35:35] [ERROR] [GameClient] Excepción inesperada en message collection: StandaloneCoroutine was cancelled
kotlinx.coroutines.JobCancellationException: StandaloneCoroutine was cancelled; job=StandaloneCoroutine{Cancelling}@3e3f044a
[2026-02-20 02:35:35] [INFO] [GameClient] Manejando desconexión inesperada.
